running egg_info
creating build/dashboard/dashboard.egg-info
writing build/dashboard/dashboard.egg-info/PKG-INFO
writing dependency_links to build/dashboard/dashboard.egg-info/dependency_links.txt
writing entry points to build/dashboard/dashboard.egg-info/entry_points.txt
writing requirements to build/dashboard/dashboard.egg-info/requires.txt
writing top-level names to build/dashboard/dashboard.egg-info/top_level.txt
writing manifest file 'build/dashboard/dashboard.egg-info/SOURCES.txt'
reading manifest file 'build/dashboard/dashboard.egg-info/SOURCES.txt'
writing manifest file 'build/dashboard/dashboard.egg-info/SOURCES.txt'
running build
running build_py
creating /home/ros/ros2_ws/src/dashboard/build/dashboard/build
creating /home/ros/ros2_ws/src/dashboard/build/dashboard/build/lib
creating /home/ros/ros2_ws/src/dashboard/build/dashboard/build/lib/dashboard
copying dashboard/__init__.py -> /home/ros/ros2_ws/src/dashboard/build/dashboard/build/lib/dashboard
copying dashboard/dashboard.py -> /home/ros/ros2_ws/src/dashboard/build/dashboard/build/lib/dashboard
copying dashboard/traffic_sign.py -> /home/ros/ros2_ws/src/dashboard/build/dashboard/build/lib/dashboard
running install
running install_lib
creating /home/ros/ros2_ws/src/dashboard/install/dashboard/lib/python3.10/site-packages/dashboard
copying /home/ros/ros2_ws/src/dashboard/build/dashboard/build/lib/dashboard/__init__.py -> /home/ros/ros2_ws/src/dashboard/install/dashboard/lib/python3.10/site-packages/dashboard
copying /home/ros/ros2_ws/src/dashboard/build/dashboard/build/lib/dashboard/dashboard.py -> /home/ros/ros2_ws/src/dashboard/install/dashboard/lib/python3.10/site-packages/dashboard
copying /home/ros/ros2_ws/src/dashboard/build/dashboard/build/lib/dashboard/traffic_sign.py -> /home/ros/ros2_ws/src/dashboard/install/dashboard/lib/python3.10/site-packages/dashboard
byte-compiling /home/ros/ros2_ws/src/dashboard/install/dashboard/lib/python3.10/site-packages/dashboard/__init__.py to __init__.cpython-310.pyc
byte-compiling /home/ros/ros2_ws/src/dashboard/install/dashboard/lib/python3.10/site-packages/dashboard/dashboard.py to dashboard.cpython-310.pyc
byte-compiling /home/ros/ros2_ws/src/dashboard/install/dashboard/lib/python3.10/site-packages/dashboard/traffic_sign.py to traffic_sign.cpython-310.pyc
running install_data
creating /home/ros/ros2_ws/src/dashboard/install/dashboard/share/ament_index
creating /home/ros/ros2_ws/src/dashboard/install/dashboard/share/ament_index/resource_index
creating /home/ros/ros2_ws/src/dashboard/install/dashboard/share/ament_index/resource_index/packages
copying resource/dashboard -> /home/ros/ros2_ws/src/dashboard/install/dashboard/share/ament_index/resource_index/packages
copying package.xml -> /home/ros/ros2_ws/src/dashboard/install/dashboard/share/dashboard
running install_egg_info
Copying build/dashboard/dashboard.egg-info to /home/ros/ros2_ws/src/dashboard/install/dashboard/lib/python3.10/site-packages/dashboard-0.1.0-py3.10.egg-info
running install_scripts
Installing dashboard script to /home/ros/ros2_ws/src/dashboard/install/dashboard/lib/dashboard
Installing traffic_sign script to /home/ros/ros2_ws/src/dashboard/install/dashboard/lib/dashboard
writing list of installed files to '/home/ros/ros2_ws/src/dashboard/build/dashboard/install.log'
