running egg_info
writing build/dashboard/dashboard.egg-info/PKG-INFO
writing dependency_links to build/dashboard/dashboard.egg-info/dependency_links.txt
writing entry points to build/dashboard/dashboard.egg-info/entry_points.txt
writing requirements to build/dashboard/dashboard.egg-info/requires.txt
writing top-level names to build/dashboard/dashboard.egg-info/top_level.txt
reading manifest file 'build/dashboard/dashboard.egg-info/SOURCES.txt'
writing manifest file 'build/dashboard/dashboard.egg-info/SOURCES.txt'
running build
running build_py
running install
running install_lib
running install_data
running install_egg_info
removing '/home/ros/ros2_ws/src/dashboard/install/dashboard/lib/python3.10/site-packages/dashboard-0.1.0-py3.10.egg-info' (and everything under it)
Copying build/dashboard/dashboard.egg-info to /home/ros/ros2_ws/src/dashboard/install/dashboard/lib/python3.10/site-packages/dashboard-0.1.0-py3.10.egg-info
running install_scripts
Installing dashboard script to /home/ros/ros2_ws/src/dashboard/install/dashboard/lib/dashboard
Installing traffic_sign script to /home/ros/ros2_ws/src/dashboard/install/dashboard/lib/dashboard
writing list of installed files to '/home/ros/ros2_ws/src/dashboard/build/dashboard/install.log'
