[0.596s] Invoking command in '/home/ros/ros2_ws/src/dashboard': PYTHONPATH=/home/ros/ros2_ws/src/dashboard/build/dashboard/prefix_override:/usr/lib/python3/dist-packages/colcon_core/task/python/colcon_distutils_commands:/home/ros/ros2_ws/src/dashboard/install/dashboard/lib/python3.10/site-packages:${PYTHONPATH} /usr/bin/python3 -W ignore:setup.py install is deprecated -W ignore:easy_install command is deprecated setup.py egg_info --egg-base build/dashboard build --build-base /home/ros/ros2_ws/src/dashboard/build/dashboard/build install --record /home/ros/ros2_ws/src/dashboard/build/dashboard/install.log --single-version-externally-managed install_data
[0.830s] running egg_info
[0.830s] writing build/dashboard/dashboard.egg-info/PKG-INFO
[0.831s] writing dependency_links to build/dashboard/dashboard.egg-info/dependency_links.txt
[0.831s] writing entry points to build/dashboard/dashboard.egg-info/entry_points.txt
[0.831s] writing requirements to build/dashboard/dashboard.egg-info/requires.txt
[0.831s] writing top-level names to build/dashboard/dashboard.egg-info/top_level.txt
[0.838s] reading manifest file 'build/dashboard/dashboard.egg-info/SOURCES.txt'
[0.838s] writing manifest file 'build/dashboard/dashboard.egg-info/SOURCES.txt'
[0.838s] running build
[0.838s] running build_py
[0.839s] running install
[0.839s] running install_lib
[0.839s] running install_data
[0.839s] running install_egg_info
[0.839s] removing '/home/ros/ros2_ws/src/dashboard/install/dashboard/lib/python3.10/site-packages/dashboard-0.1.0-py3.10.egg-info' (and everything under it)
[0.839s] Copying build/dashboard/dashboard.egg-info to /home/ros/ros2_ws/src/dashboard/install/dashboard/lib/python3.10/site-packages/dashboard-0.1.0-py3.10.egg-info
[0.839s] running install_scripts
[0.857s] Installing dashboard script to /home/ros/ros2_ws/src/dashboard/install/dashboard/lib/dashboard
[0.857s] Installing traffic_sign script to /home/ros/ros2_ws/src/dashboard/install/dashboard/lib/dashboard
[0.857s] writing list of installed files to '/home/ros/ros2_ws/src/dashboard/build/dashboard/install.log'
[0.874s] Invoked command in '/home/ros/ros2_ws/src/dashboard' returned '0': PYTHONPATH=/home/ros/ros2_ws/src/dashboard/build/dashboard/prefix_override:/usr/lib/python3/dist-packages/colcon_core/task/python/colcon_distutils_commands:/home/ros/ros2_ws/src/dashboard/install/dashboard/lib/python3.10/site-packages:${PYTHONPATH} /usr/bin/python3 -W ignore:setup.py install is deprecated -W ignore:easy_install command is deprecated setup.py egg_info --egg-base build/dashboard build --build-base /home/ros/ros2_ws/src/dashboard/build/dashboard/build install --record /home/ros/ros2_ws/src/dashboard/build/dashboard/install.log --single-version-externally-managed install_data
